# JRE version: Java(TM) SE Runtime Environment (16.0.2+7) (build 16.0.2+7-67)
# Java VM: Java HotSpot(TM) 64-Bit Server VM (16.0.2+7-67, mixed mode, sharing, tiered, compressed oops, compressed class ptrs, g1 gc, windows-amd64)
GC Precious Log:
 CPUs: 8 total, 8 available
 Memory: 10187M
 Large Page Support: Disabled
 NUMA Support: Disabled
 Compressed Oops: Enabled (Zero based)
 Heap Region Size: 2M
 Heap Min Capacity: 8M
 Heap Initial Capacity: 160M
 Heap Max Capacity: 2548M
 Pre-touch: Disabled
 Parallel Workers: 8
 Concurrent Workers: 2
 Concurrent Refinement Workers: 8
 Periodic GC: Disabled
Heap:
 garbage-first heap   total 67584K, used 26672K [0x0000000760c00000, 0x0000000800000000)
  region size 2048K, 5 young (10240K), 1 survivors (2048K)
 Metaspace       used 25523K, committed 25792K, reserved 1073152K
  class space    used 2828K, committed 2944K, reserved 1048576K
GC Heap History (16 events):
Event: 0.670 GC heap before
{Heap before GC invocations=0 (full 0):
 garbage-first heap   total 163840K, used 22528K [0x0000000760c00000, 0x0000000800000000)
  region size 2048K, 11 young (22528K), 0 survivors (0K)
 Metaspace       used 5001K, committed 5120K, reserved 1056768K
  class space    used 568K, committed 640K, reserved 1048576K
}
Event: 0.676 GC heap after
{Heap after GC invocations=1 (full 0):
 garbage-first heap   total 163840K, used 3680K [0x0000000760c00000, 0x0000000800000000)
  region size 2048K, 2 young (4096K), 2 survivors (4096K)
 Metaspace       used 5001K, committed 5120K, reserved 1056768K
  class space    used 568K, committed 640K, reserved 1048576K
}
Event: 1.255 GC heap before
{Heap before GC invocations=1 (full 0):
 garbage-first heap   total 163840K, used 32352K [0x0000000760c00000, 0x0000000800000000)
  region size 2048K, 16 young (32768K), 2 survivors (4096K)
 Metaspace       used 9398K, committed 9600K, reserved 1064960K
  class space    used 1126K, committed 1216K, reserved 1048576K
}
Event: 1.261 GC heap after
{Heap after GC invocations=2 (full 0):
 garbage-first heap   total 163840K, used 5261K [0x0000000760c00000, 0x0000000800000000)
  region size 2048K, 1 young (2048K), 1 survivors (2048K)
 Metaspace       used 9398K, committed 9600K, reserved 1064960K
  class space    used 1126K, committed 1216K, reserved 1048576K
}
Event: 3.225 GC heap before
{Heap before GC invocations=2 (full 0):
 garbage-first heap   total 163840K, used 101517K [0x0000000760c00000, 0x0000000800000000)
  region size 2048K, 48 young (98304K), 1 survivors (2048K)
 Metaspace       used 14233K, committed 14464K, reserved 1064960K
  class space    used 1552K, committed 1664K, reserved 1048576K
}
Event: 3.238 GC heap after
{Heap after GC invocations=3 (full 0):
 garbage-first heap   total 163840K, used 9608K [0x0000000760c00000, 0x0000000800000000)
  region size 2048K, 3 young (6144K), 3 survivors (6144K)
 Metaspace       used 14233K, committed 14464K, reserved 1064960K
  class space    used 1552K, committed 1664K, reserved 1048576K
}
Event: 3.703 GC heap before
{Heap before GC invocations=3 (full 0):
 garbage-first heap   total 163840K, used 17800K [0x0000000760c00000, 0x0000000800000000)
  region size 2048K, 8 young (16384K), 3 survivors (6144K)
 Metaspace       used 21014K, committed 21248K, reserved 1073152K
  class space    used 2365K, committed 2496K, reserved 1048576K
}
Event: 3.713 GC heap after
{Heap after GC invocations=4 (full 0):
 garbage-first heap   total 163840K, used 11986K [0x0000000760c00000, 0x0000000800000000)
  region size 2048K, 5 young (10240K), 5 survivors (10240K)
 Metaspace       used 21014K, committed 21248K, reserved 1073152K
  class space    used 2365K, committed 2496K, reserved 1048576K
}
Event: 4.194 GC heap before
{Heap before GC invocations=5 (full 0):
 garbage-first heap   total 55296K, used 34514K [0x0000000760c00000, 0x0000000800000000)
  region size 2048K, 16 young (32768K), 5 survivors (10240K)
 Metaspace       used 22270K, committed 22528K, reserved 1073152K
  class space    used 2495K, committed 2624K, reserved 1048576K
}
Event: 4.218 GC heap after
{Heap after GC invocations=6 (full 0):
 garbage-first heap   total 55296K, used 16098K [0x0000000760c00000, 0x0000000800000000)
  region size 2048K, 2 young (4096K), 2 survivors (4096K)
 Metaspace       used 22270K, committed 22528K, reserved 1073152K
  class space    used 2495K, committed 2624K, reserved 1048576K
}
Event: 4.822 GC heap before
{Heap before GC invocations=6 (full 0):
 garbage-first heap   total 55296K, used 36578K [0x0000000760c00000, 0x0000000800000000)
  region size 2048K, 12 young (24576K), 2 survivors (4096K)
 Metaspace       used 23951K, committed 24192K, reserved 1073152K
  class space    used 2704K, committed 2816K, reserved 1048576K
}
Event: 4.834 GC heap after
{Heap after GC invocations=7 (full 0):
 garbage-first heap   total 55296K, used 19412K [0x0000000760c00000, 0x0000000800000000)
  region size 2048K, 2 young (4096K), 2 survivors (4096K)
 Metaspace       used 23951K, committed 24192K, reserved 1073152K
  class space    used 2704K, committed 2816K, reserved 1048576K
}
Event: 5.254 GC heap before
{Heap before GC invocations=7 (full 0):
 garbage-first heap   total 55296K, used 37844K [0x0000000760c00000, 0x0000000800000000)
  region size 2048K, 11 young (22528K), 2 survivors (4096K)
 Metaspace       used 24150K, committed 24384K, reserved 1073152K
  class space    used 2710K, committed 2816K, reserved 1048576K
}
Event: 5.264 GC heap after
{Heap after GC invocations=8 (full 0):
 garbage-first heap   total 55296K, used 19642K [0x0000000760c00000, 0x0000000800000000)
  region size 2048K, 1 young (2048K), 1 survivors (2048K)
 Metaspace       used 24150K, committed 24384K, reserved 1073152K
  class space    used 2710K, committed 2816K, reserved 1048576K
}
Event: 5.579 GC heap before
{Heap before GC invocations=8 (full 0):
 garbage-first heap   total 55296K, used 38074K [0x0000000760c00000, 0x0000000800000000)
  region size 2048K, 10 young (20480K), 1 survivors (2048K)
 Metaspace       used 24856K, committed 25152K, reserved 1073152K
  class space    used 2763K, committed 2944K, reserved 1048576K
}
Event: 5.587 GC heap after
{Heap after GC invocations=9 (full 0):
 garbage-first heap   total 67584K, used 20528K [0x0000000760c00000, 0x0000000800000000)
  region size 2048K, 1 young (2048K), 1 survivors (2048K)
 Metaspace       used 24856K, committed 25152K, reserved 1073152K
  class space    used 2763K, committed 2944K, reserved 1048576K
}

