# JRE version: Java(TM) SE Runtime Environment (16.0.2+7) (build 16.0.2+7-67)
# Java VM: Java HotSpot(TM) 64-Bit Server VM (16.0.2+7-67, mixed mode, sharing, tiered, compressed oops, compressed class ptrs, g1 gc, windows-amd64)
GC Precious Log:
 CPUs: 8 total, 8 available
 Memory: 10187M
 Large Page Support: Disabled
 NUMA Support: Disabled
 Compressed Oops: Enabled (Zero based)
 Heap Region Size: 2M
 Heap Min Capacity: 8M
 Heap Initial Capacity: 160M
 Heap Max Capacity: 2548M
 Pre-touch: Disabled
 Parallel Workers: 8
 Concurrent Workers: 2
 Concurrent Refinement Workers: 8
 Periodic GC: Disabled
Heap:
 garbage-first heap   total 102400K, used 71332K [0x0000000760c00000, 0x0000000800000000)
  region size 2048K, 18 young (36864K), 1 survivors (2048K)
 Metaspace       used 25255K, committed 25536K, reserved 1073152K
  class space    used 2760K, committed 2944K, reserved 1048576K
GC Heap History (20 events):
Event: 0.612 GC heap before
{Heap before GC invocations=0 (full 0):
 garbage-first heap   total 163840K, used 22528K [0x0000000760c00000, 0x0000000800000000)
  region size 2048K, 11 young (22528K), 0 survivors (0K)
 Metaspace       used 5019K, committed 5184K, reserved 1056768K
  class space    used 569K, committed 640K, reserved 1048576K
}
Event: 0.617 GC heap after
{Heap after GC invocations=1 (full 0):
 garbage-first heap   total 163840K, used 3638K [0x0000000760c00000, 0x0000000800000000)
  region size 2048K, 2 young (4096K), 2 survivors (4096K)
 Metaspace       used 5019K, committed 5184K, reserved 1056768K
  class space    used 569K, committed 640K, reserved 1048576K
}
Event: 1.141 GC heap before
{Heap before GC invocations=1 (full 0):
 garbage-first heap   total 163840K, used 32310K [0x0000000760c00000, 0x0000000800000000)
  region size 2048K, 16 young (32768K), 2 survivors (4096K)
 Metaspace       used 9430K, committed 9600K, reserved 1064960K
  class space    used 1128K, committed 1216K, reserved 1048576K
}
Event: 1.147 GC heap after
{Heap after GC invocations=2 (full 0):
 garbage-first heap   total 163840K, used 5616K [0x0000000760c00000, 0x0000000800000000)
  region size 2048K, 1 young (2048K), 1 survivors (2048K)
 Metaspace       used 9430K, committed 9600K, reserved 1064960K
  class space    used 1128K, committed 1216K, reserved 1048576K
}
Event: 2.468 GC heap before
{Heap before GC invocations=2 (full 0):
 garbage-first heap   total 163840K, used 101872K [0x0000000760c00000, 0x0000000800000000)
  region size 2048K, 48 young (98304K), 1 survivors (2048K)
 Metaspace       used 13427K, committed 13568K, reserved 1064960K
  class space    used 1455K, committed 1536K, reserved 1048576K
}
Event: 2.487 GC heap after
{Heap after GC invocations=3 (full 0):
 garbage-first heap   total 163840K, used 15858K [0x0000000760c00000, 0x0000000800000000)
  region size 2048K, 6 young (12288K), 6 survivors (12288K)
 Metaspace       used 13427K, committed 13568K, reserved 1064960K
  class space    used 1455K, committed 1536K, reserved 1048576K
}
Event: 3.489 GC heap before
{Heap before GC invocations=3 (full 0):
 garbage-first heap   total 163840K, used 151026K [0x0000000760c00000, 0x0000000800000000)
  region size 2048K, 48 young (98304K), 6 survivors (12288K)
 Metaspace       used 15091K, committed 15296K, reserved 1064960K
  class space    used 1580K, committed 1664K, reserved 1048576K
}
Event: 3.503 GC heap after
{Heap after GC invocations=4 (full 0):
 garbage-first heap   total 169984K, used 19450K [0x0000000760c00000, 0x0000000800000000)
  region size 2048K, 3 young (6144K), 3 survivors (6144K)
 Metaspace       used 15091K, committed 15296K, reserved 1064960K
  class space    used 1580K, committed 1664K, reserved 1048576K
}
Event: 4.263 GC heap before
{Heap before GC invocations=4 (full 0):
 garbage-first heap   total 169984K, used 60410K [0x0000000760c00000, 0x0000000800000000)
  region size 2048K, 25 young (51200K), 3 survivors (6144K)
 Metaspace       used 21039K, committed 21248K, reserved 1073152K
  class space    used 2286K, committed 2432K, reserved 1048576K
}
Event: 4.269 GC heap after
{Heap after GC invocations=5 (full 0):
 garbage-first heap   total 169984K, used 20870K [0x0000000760c00000, 0x0000000800000000)
  region size 2048K, 3 young (6144K), 3 survivors (6144K)
 Metaspace       used 21039K, committed 21248K, reserved 1073152K
  class space    used 2286K, committed 2432K, reserved 1048576K
}
Event: 4.843 GC heap before
{Heap before GC invocations=6 (full 0):
 garbage-first heap   total 81920K, used 63878K [0x0000000760c00000, 0x0000000800000000)
  region size 2048K, 24 young (49152K), 3 survivors (6144K)
 Metaspace       used 23129K, committed 23424K, reserved 1073152K
  class space    used 2520K, committed 2688K, reserved 1048576K
}
Event: 4.857 GC heap after
{Heap after GC invocations=7 (full 0):
 garbage-first heap   total 83968K, used 32898K [0x0000000760c00000, 0x0000000800000000)
  region size 2048K, 3 young (6144K), 3 survivors (6144K)
 Metaspace       used 23129K, committed 23424K, reserved 1073152K
  class space    used 2520K, committed 2688K, reserved 1048576K
}
Event: 5.213 GC heap before
{Heap before GC invocations=8 (full 0):
 garbage-first heap   total 83968K, used 59522K [0x0000000760c00000, 0x0000000800000000)
  region size 2048K, 16 young (32768K), 3 survivors (6144K)
 Metaspace       used 23374K, committed 23680K, reserved 1073152K
  class space    used 2546K, committed 2688K, reserved 1048576K
}
Event: 5.222 GC heap after
{Heap after GC invocations=9 (full 0):
 garbage-first heap   total 83968K, used 41350K [0x0000000760c00000, 0x0000000800000000)
  region size 2048K, 2 young (4096K), 2 survivors (4096K)
 Metaspace       used 23374K, committed 23680K, reserved 1073152K
  class space    used 2546K, committed 2688K, reserved 1048576K
}
Event: 5.427 GC heap before
{Heap before GC invocations=9 (full 0):
 garbage-first heap   total 83968K, used 59782K [0x0000000760c00000, 0x0000000800000000)
  region size 2048K, 11 young (22528K), 2 survivors (4096K)
 Metaspace       used 24257K, committed 24576K, reserved 1073152K
  class space    used 2651K, committed 2816K, reserved 1048576K
}
Event: 5.434 GC heap after
{Heap after GC invocations=10 (full 0):
 garbage-first heap   total 102400K, used 44108K [0x0000000760c00000, 0x0000000800000000)
  region size 2048K, 1 young (2048K), 1 survivors (2048K)
 Metaspace       used 24257K, committed 24576K, reserved 1073152K
  class space    used 2651K, committed 2816K, reserved 1048576K
}
Event: 5.699 GC heap before
{Heap before GC invocations=11 (full 0):
 garbage-first heap   total 102400K, used 72780K [0x0000000760c00000, 0x0000000800000000)
  region size 2048K, 15 young (30720K), 1 survivors (2048K)
 Metaspace       used 24300K, committed 24576K, reserved 1073152K
  class space    used 2651K, committed 2816K, reserved 1048576K
}
Event: 5.705 GC heap after
{Heap after GC invocations=12 (full 0):
 garbage-first heap   total 102400K, used 44791K [0x0000000760c00000, 0x0000000800000000)
  region size 2048K, 2 young (4096K), 2 survivors (4096K)
 Metaspace       used 24300K, committed 24576K, reserved 1073152K
  class space    used 2651K, committed 2816K, reserved 1048576K
}
Event: 5.751 GC heap before
{Heap before GC invocations=12 (full 0):
 garbage-first heap   total 102400K, used 44791K [0x0000000760c00000, 0x0000000800000000)
  region size 2048K, 3 young (6144K), 2 survivors (4096K)
 Metaspace       used 24305K, committed 24576K, reserved 1073152K
  class space    used 2651K, committed 2816K, reserved 1048576K
}
Event: 5.757 GC heap after
{Heap after GC invocations=13 (full 0):
 garbage-first heap   total 102400K, used 38564K [0x0000000760c00000, 0x0000000800000000)
  region size 2048K, 1 young (2048K), 1 survivors (2048K)
 Metaspace       used 24305K, committed 24576K, reserved 1073152K
  class space    used 2651K, committed 2816K, reserved 1048576K
}

