# JRE version: Java(TM) SE Runtime Environment (16.0.2+7) (build 16.0.2+7-67)
# Java VM: Java HotSpot(TM) 64-Bit Server VM (16.0.2+7-67, mixed mode, sharing, tiered, compressed oops, compressed class ptrs, g1 gc, windows-amd64)
GC Precious Log:
 CPUs: 8 total, 8 available
 Memory: 10187M
 Large Page Support: Disabled
 NUMA Support: Disabled
 Compressed Oops: Enabled (Zero based)
 Heap Region Size: 2M
 Heap Min Capacity: 8M
 Heap Initial Capacity: 160M
 Heap Max Capacity: 2548M
 Pre-touch: Disabled
 Parallel Workers: 8
 Concurrent Workers: 2
 Concurrent Refinement Workers: 8
 Periodic GC: Disabled
Heap:
 garbage-first heap   total 108544K, used 74369K [0x0000000760c00000, 0x0000000800000000)
  region size 2048K, 12 young (24576K), 2 survivors (4096K)
 Metaspace       used 26852K, committed 27072K, reserved 1073152K
  class space    used 2902K, committed 3008K, reserved 1048576K
GC Heap History (20 events):
Event: 1.292 GC heap before
{Heap before GC invocations=1 (full 0):
 garbage-first heap   total 163840K, used 32373K [0x0000000760c00000, 0x0000000800000000)
  region size 2048K, 16 young (32768K), 2 survivors (4096K)
 Metaspace       used 9219K, committed 9344K, reserved 1064960K
  class space    used 1108K, committed 1152K, reserved 1048576K
}
Event: 1.300 GC heap after
{Heap after GC invocations=2 (full 0):
 garbage-first heap   total 163840K, used 5566K [0x0000000760c00000, 0x0000000800000000)
  region size 2048K, 1 young (2048K), 1 survivors (2048K)
 Metaspace       used 9219K, committed 9344K, reserved 1064960K
  class space    used 1108K, committed 1152K, reserved 1048576K
}
Event: 2.863 GC heap before
{Heap before GC invocations=2 (full 0):
 garbage-first heap   total 163840K, used 101822K [0x0000000760c00000, 0x0000000800000000)
  region size 2048K, 48 young (98304K), 1 survivors (2048K)
 Metaspace       used 13316K, committed 13504K, reserved 1064960K
  class space    used 1453K, committed 1536K, reserved 1048576K
}
Event: 2.886 GC heap after
{Heap after GC invocations=3 (full 0):
 garbage-first heap   total 163840K, used 15481K [0x0000000760c00000, 0x0000000800000000)
  region size 2048K, 6 young (12288K), 6 survivors (12288K)
 Metaspace       used 13316K, committed 13504K, reserved 1064960K
  class space    used 1453K, committed 1536K, reserved 1048576K
}
Event: 4.075 GC heap before
{Heap before GC invocations=3 (full 0):
 garbage-first heap   total 163840K, used 101497K [0x0000000760c00000, 0x0000000800000000)
  region size 2048K, 48 young (98304K), 6 survivors (12288K)
 Metaspace       used 15123K, committed 15296K, reserved 1064960K
  class space    used 1589K, committed 1664K, reserved 1048576K
}
Event: 4.092 GC heap after
{Heap after GC invocations=4 (full 0):
 garbage-first heap   total 163840K, used 18796K [0x0000000760c00000, 0x0000000800000000)
  region size 2048K, 2 young (4096K), 2 survivors (4096K)
 Metaspace       used 15123K, committed 15296K, reserved 1064960K
  class space    used 1589K, committed 1664K, reserved 1048576K
}
Event: 5.042 GC heap before
{Heap before GC invocations=4 (full 0):
 garbage-first heap   total 163840K, used 63852K [0x0000000760c00000, 0x0000000800000000)
  region size 2048K, 25 young (51200K), 2 survivors (4096K)
 Metaspace       used 21054K, committed 21248K, reserved 1073152K
  class space    used 2295K, committed 2432K, reserved 1048576K
}
Event: 5.049 GC heap after
{Heap after GC invocations=5 (full 0):
 garbage-first heap   total 163840K, used 21187K [0x0000000760c00000, 0x0000000800000000)
  region size 2048K, 4 young (8192K), 4 survivors (8192K)
 Metaspace       used 21054K, committed 21248K, reserved 1073152K
  class space    used 2295K, committed 2432K, reserved 1048576K
}
Event: 5.936 GC heap before
{Heap before GC invocations=6 (full 0):
 garbage-first heap   total 90112K, used 66243K [0x0000000760c00000, 0x0000000800000000)
  region size 2048K, 26 young (53248K), 4 survivors (8192K)
 Metaspace       used 23165K, committed 23424K, reserved 1073152K
  class space    used 2528K, committed 2688K, reserved 1048576K
}
Event: 5.959 GC heap after
{Heap after GC invocations=7 (full 0):
 garbage-first heap   total 90112K, used 32403K [0x0000000760c00000, 0x0000000800000000)
  region size 2048K, 4 young (8192K), 4 survivors (8192K)
 Metaspace       used 23165K, committed 23424K, reserved 1073152K
  class space    used 2528K, committed 2688K, reserved 1048576K
}
Event: 6.564 GC heap before
{Heap before GC invocations=8 (full 0):
 garbage-first heap   total 90112K, used 61075K [0x0000000760c00000, 0x0000000800000000)
  region size 2048K, 19 young (38912K), 4 survivors (8192K)
 Metaspace       used 24759K, committed 24960K, reserved 1073152K
  class space    used 2724K, committed 2816K, reserved 1048576K
}
Event: 6.584 GC heap after
{Heap after GC invocations=9 (full 0):
 garbage-first heap   total 90112K, used 34457K [0x0000000760c00000, 0x0000000800000000)
  region size 2048K, 3 young (6144K), 3 survivors (6144K)
 Metaspace       used 24759K, committed 24960K, reserved 1073152K
  class space    used 2724K, committed 2816K, reserved 1048576K
}
Event: 6.875 GC heap before
{Heap before GC invocations=9 (full 0):
 garbage-first heap   total 90112K, used 61081K [0x0000000760c00000, 0x0000000800000000)
  region size 2048K, 17 young (34816K), 3 survivors (6144K)
 Metaspace       used 24786K, committed 25024K, reserved 1073152K
  class space    used 2726K, committed 2816K, reserved 1048576K
}
Event: 6.887 GC heap after
{Heap after GC invocations=10 (full 0):
 garbage-first heap   total 108544K, used 38702K [0x0000000760c00000, 0x0000000800000000)
  region size 2048K, 3 young (6144K), 3 survivors (6144K)
 Metaspace       used 24786K, committed 25024K, reserved 1073152K
  class space    used 2726K, committed 2816K, reserved 1048576K
}
Event: 7.365 GC heap before
{Heap before GC invocations=10 (full 0):
 garbage-first heap   total 108544K, used 73518K [0x0000000760c00000, 0x0000000800000000)
  region size 2048K, 20 young (40960K), 3 survivors (6144K)
 Metaspace       used 24855K, committed 25088K, reserved 1073152K
  class space    used 2726K, committed 2816K, reserved 1048576K
}
Event: 7.377 GC heap after
{Heap after GC invocations=11 (full 0):
 garbage-first heap   total 108544K, used 48480K [0x0000000760c00000, 0x0000000800000000)
  region size 2048K, 3 young (6144K), 3 survivors (6144K)
 Metaspace       used 24855K, committed 25088K, reserved 1073152K
  class space    used 2726K, committed 2816K, reserved 1048576K
}
Event: 7.817 GC heap before
{Heap before GC invocations=11 (full 0):
 garbage-first heap   total 108544K, used 77152K [0x0000000760c00000, 0x0000000800000000)
  region size 2048K, 17 young (34816K), 3 survivors (6144K)
 Metaspace       used 24911K, committed 25088K, reserved 1073152K
  class space    used 2726K, committed 2816K, reserved 1048576K
}
Event: 7.835 GC heap after
{Heap after GC invocations=12 (full 0):
 garbage-first heap   total 108544K, used 52877K [0x0000000760c00000, 0x0000000800000000)
  region size 2048K, 3 young (6144K), 3 survivors (6144K)
 Metaspace       used 24911K, committed 25088K, reserved 1073152K
  class space    used 2726K, committed 2816K, reserved 1048576K
}
Event: 8.305 GC heap before
{Heap before GC invocations=12 (full 0):
 garbage-first heap   total 108544K, used 77453K [0x0000000760c00000, 0x0000000800000000)
  region size 2048K, 15 young (30720K), 3 survivors (6144K)
 Metaspace       used 25923K, committed 26176K, reserved 1073152K
  class space    used 2818K, committed 2944K, reserved 1048576K
}
Event: 8.320 GC heap after
{Heap after GC invocations=13 (full 0):
 garbage-first heap   total 108544K, used 55937K [0x0000000760c00000, 0x0000000800000000)
  region size 2048K, 2 young (4096K), 2 survivors (4096K)
 Metaspace       used 25923K, committed 26176K, reserved 1073152K
  class space    used 2818K, committed 2944K, reserved 1048576K
}

